# JRE version: OpenJDK Runtime Environment Temurin-11.0.17+8 (11.0.17+8) (build 11.0.17+8)
# Java VM: OpenJDK 64-Bit Server VM Temurin-11.0.17+8 (11.0.17+8, mixed mode, tiered, compressed oops, g1 gc, linux-amd64)
Heap:
 garbage-first heap   total 313344K, used 121231K [0x0000000707200000, 0x0000000800000000)
  region size 1024K, 79 young (80896K), 10 survivors (10240K)
 Metaspace       used 69557K, capacity 74412K, committed 74880K, reserved 1114112K
  class space    used 8392K, capacity 9997K, committed 10112K, reserved 1048576K
GC Heap History (12 events):
Event: 0.450 GC heap before
{Heap before GC invocations=0 (full 0):
 garbage-first heap   total 256000K, used 23552K [0x0000000707200000, 0x0000000800000000)
  region size 1024K, 24 young (24576K), 0 survivors (0K)
 Metaspace       used 16805K, capacity 17300K, committed 17408K, reserved 1064960K
  class space    used 1802K, capacity 2011K, committed 2048K, reserved 1048576K
}
Event: 0.457 GC heap after
{Heap after GC invocations=1 (full 0):
 garbage-first heap   total 256000K, used 4755K [0x0000000707200000, 0x0000000800000000)
  region size 1024K, 3 young (3072K), 3 survivors (3072K)
 Metaspace       used 16805K, capacity 17300K, committed 17408K, reserved 1064960K
  class space    used 1802K, capacity 2011K, committed 2048K, reserved 1048576K
}
Event: 0.638 GC heap before
{Heap before GC invocations=1 (full 0):
 garbage-first heap   total 256000K, used 59027K [0x0000000707200000, 0x0000000800000000)
  region size 1024K, 35 young (35840K), 3 survivors (3072K)
 Metaspace       used 20459K, capacity 21102K, committed 21248K, reserved 1069056K
  class space    used 2194K, capacity 2493K, committed 2560K, reserved 1048576K
}
Event: 0.644 GC heap after
{Heap after GC invocations=2 (full 0):
 garbage-first heap   total 256000K, used 29667K [0x0000000707200000, 0x0000000800000000)
  region size 1024K, 6 young (6144K), 6 survivors (6144K)
 Metaspace       used 20459K, capacity 21102K, committed 21248K, reserved 1069056K
  class space    used 2194K, capacity 2493K, committed 2560K, reserved 1048576K
}
Event: 0.949 GC heap before
{Heap before GC invocations=3 (full 0):
 garbage-first heap   total 256000K, used 74723K [0x0000000707200000, 0x0000000800000000)
  region size 1024K, 44 young (45056K), 6 survivors (6144K)
 Metaspace       used 23582K, capacity 24265K, committed 24576K, reserved 1071104K
  class space    used 2468K, capacity 2776K, committed 2816K, reserved 1048576K
}
Event: 0.955 GC heap after
{Heap after GC invocations=4 (full 0):
 garbage-first heap   total 256000K, used 30066K [0x0000000707200000, 0x0000000800000000)
  region size 1024K, 6 young (6144K), 6 survivors (6144K)
 Metaspace       used 23582K, capacity 24265K, committed 24576K, reserved 1071104K
  class space    used 2468K, capacity 2776K, committed 2816K, reserved 1048576K
}
Event: 1.499 GC heap before
{Heap before GC invocations=4 (full 0):
 garbage-first heap   total 256000K, used 111986K [0x0000000707200000, 0x0000000800000000)
  region size 1024K, 85 young (87040K), 6 survivors (6144K)
 Metaspace       used 33087K, capacity 35642K, committed 35840K, reserved 1081344K
  class space    used 3565K, capacity 4486K, committed 4608K, reserved 1048576K
}
Event: 1.507 GC heap after
{Heap after GC invocations=5 (full 0):
 garbage-first heap   total 256000K, used 40651K [0x0000000707200000, 0x0000000800000000)
  region size 1024K, 16 young (16384K), 16 survivors (16384K)
 Metaspace       used 33087K, capacity 35642K, committed 35840K, reserved 1081344K
  class space    used 3565K, capacity 4486K, committed 4608K, reserved 1048576K
}
Event: 2.419 GC heap before
{Heap before GC invocations=6 (full 0):
 garbage-first heap   total 256000K, used 129739K [0x0000000707200000, 0x0000000800000000)
  region size 1024K, 104 young (106496K), 16 survivors (16384K)
 Metaspace       used 50806K, capacity 54858K, committed 54912K, reserved 1097728K
  class space    used 6098K, capacity 7547K, committed 7552K, reserved 1048576K
}
Event: 2.436 GC heap after
{Heap after GC invocations=7 (full 0):
 garbage-first heap   total 313344K, used 52015K [0x0000000707200000, 0x0000000800000000)
  region size 1024K, 13 young (13312K), 13 survivors (13312K)
 Metaspace       used 50806K, capacity 54858K, committed 54912K, reserved 1097728K
  class space    used 6098K, capacity 7547K, committed 7552K, reserved 1048576K
}
Event: 2.799 GC heap before
{Heap before GC invocations=7 (full 0):
 garbage-first heap   total 313344K, used 95023K [0x0000000707200000, 0x0000000800000000)
  region size 1024K, 56 young (57344K), 13 survivors (13312K)
 Metaspace       used 55474K, capacity 59946K, committed 60160K, reserved 1101824K
  class space    used 6808K, capacity 8351K, committed 8448K, reserved 1048576K
}
Event: 2.829 GC heap after
{Heap after GC invocations=8 (full 0):
 garbage-first heap   total 313344K, used 59791K [0x0000000707200000, 0x0000000800000000)
  region size 1024K, 10 young (10240K), 10 survivors (10240K)
 Metaspace       used 55474K, capacity 59946K, committed 60160K, reserved 1101824K
  class space    used 6808K, capacity 8351K, committed 8448K, reserved 1048576K
}

