# JRE version: OpenJDK Runtime Environment Temurin-11.0.17+8 (11.0.17+8) (build 11.0.17+8)
# Java VM: OpenJDK 64-Bit Server VM Temurin-11.0.17+8 (11.0.17+8, mixed mode, tiered, compressed oops, g1 gc, linux-amd64)
Heap:
 garbage-first heap   total 307200K, used 118715K [0x0000000707200000, 0x0000000800000000)
  region size 1024K, 76 young (77824K), 10 survivors (10240K)
 Metaspace       used 69227K, capacity 74058K, committed 74496K, reserved 1114112K
  class space    used 8360K, capacity 9924K, committed 9984K, reserved 1048576K
GC Heap History (16 events):
Event: 0.454 GC heap before
{Heap before GC invocations=0 (full 0):
 garbage-first heap   total 256000K, used 23552K [0x0000000707200000, 0x0000000800000000)
  region size 1024K, 24 young (24576K), 0 survivors (0K)
 Metaspace       used 16822K, capacity 17300K, committed 17408K, reserved 1064960K
  class space    used 1802K, capacity 2011K, committed 2048K, reserved 1048576K
}
Event: 0.463 GC heap after
{Heap after GC invocations=1 (full 0):
 garbage-first heap   total 256000K, used 5249K [0x0000000707200000, 0x0000000800000000)
  region size 1024K, 3 young (3072K), 3 survivors (3072K)
 Metaspace       used 16822K, capacity 17300K, committed 17408K, reserved 1064960K
  class space    used 1802K, capacity 2011K, committed 2048K, reserved 1048576K
}
Event: 0.620 GC heap before
{Heap before GC invocations=1 (full 0):
 garbage-first heap   total 256000K, used 50305K [0x0000000707200000, 0x0000000800000000)
  region size 1024K, 25 young (25600K), 3 survivors (3072K)
 Metaspace       used 20212K, capacity 20869K, committed 21248K, reserved 1069056K
  class space    used 2176K, capacity 2458K, committed 2560K, reserved 1048576K
}
Event: 0.624 GC heap after
{Heap after GC invocations=2 (full 0):
 garbage-first heap   total 256000K, used 29483K [0x0000000707200000, 0x0000000800000000)
  region size 1024K, 2 young (2048K), 2 survivors (2048K)
 Metaspace       used 20212K, capacity 20869K, committed 21248K, reserved 1069056K
  class space    used 2176K, capacity 2458K, committed 2560K, reserved 1048576K
}
Event: 0.637 GC heap before
{Heap before GC invocations=2 (full 0):
 garbage-first heap   total 256000K, used 34603K [0x0000000707200000, 0x0000000800000000)
  region size 1024K, 5 young (5120K), 2 survivors (2048K)
 Metaspace       used 20441K, capacity 21070K, committed 21248K, reserved 1069056K
  class space    used 2214K, capacity 2525K, committed 2560K, reserved 1048576K
}
Event: 0.639 GC heap after
{Heap after GC invocations=3 (full 0):
 garbage-first heap   total 256000K, used 22896K [0x0000000707200000, 0x0000000800000000)
  region size 1024K, 2 young (2048K), 2 survivors (2048K)
 Metaspace       used 20441K, capacity 21070K, committed 21248K, reserved 1069056K
  class space    used 2214K, capacity 2525K, committed 2560K, reserved 1048576K
}
Event: 1.008 GC heap before
{Heap before GC invocations=4 (full 0):
 garbage-first heap   total 256000K, used 72048K [0x0000000707200000, 0x0000000800000000)
  region size 1024K, 47 young (48128K), 2 survivors (2048K)
 Metaspace       used 23576K, capacity 24256K, committed 24576K, reserved 1071104K
  class space    used 2463K, capacity 2776K, committed 2816K, reserved 1048576K
}
Event: 1.012 GC heap after
{Heap after GC invocations=5 (full 0):
 garbage-first heap   total 256000K, used 29484K [0x0000000707200000, 0x0000000800000000)
  region size 1024K, 6 young (6144K), 6 survivors (6144K)
 Metaspace       used 23576K, capacity 24256K, committed 24576K, reserved 1071104K
  class space    used 2463K, capacity 2776K, committed 2816K, reserved 1048576K
}
Event: 1.588 GC heap before
{Heap before GC invocations=5 (full 0):
 garbage-first heap   total 256000K, used 106284K [0x0000000707200000, 0x0000000800000000)
  region size 1024K, 80 young (81920K), 6 survivors (6144K)
 Metaspace       used 32653K, capacity 35080K, committed 35200K, reserved 1079296K
  class space    used 3528K, capacity 4449K, committed 4480K, reserved 1048576K
}
Event: 1.597 GC heap after
{Heap after GC invocations=6 (full 0):
 garbage-first heap   total 307200K, used 40313K [0x0000000707200000, 0x0000000800000000)
  region size 1024K, 10 young (10240K), 10 survivors (10240K)
 Metaspace       used 32653K, capacity 35080K, committed 35200K, reserved 1079296K
  class space    used 3528K, capacity 4449K, committed 4480K, reserved 1048576K
}
Event: 1.621 GC heap before
{Heap before GC invocations=6 (full 0):
 garbage-first heap   total 307200K, used 44409K [0x0000000707200000, 0x0000000800000000)
  region size 1024K, 15 young (15360K), 10 survivors (10240K)
 Metaspace       used 33177K, capacity 35680K, committed 35840K, reserved 1081344K
  class space    used 3597K, capacity 4520K, committed 4608K, reserved 1048576K
}
Event: 1.627 GC heap after
{Heap after GC invocations=7 (full 0):
 garbage-first heap   total 307200K, used 41241K [0x0000000707200000, 0x0000000800000000)
  region size 1024K, 2 young (2048K), 2 survivors (2048K)
 Metaspace       used 33177K, capacity 35680K, committed 35840K, reserved 1081344K
  class space    used 3597K, capacity 4520K, committed 4608K, reserved 1048576K
}
Event: 2.486 GC heap before
{Heap before GC invocations=8 (full 0):
 garbage-first heap   total 307200K, used 121113K [0x0000000707200000, 0x0000000800000000)
  region size 1024K, 80 young (81920K), 2 survivors (2048K)
 Metaspace       used 50895K, capacity 54908K, committed 55168K, reserved 1097728K
  class space    used 6130K, capacity 7545K, committed 7552K, reserved 1048576K
}
Event: 2.509 GC heap after
{Heap after GC invocations=9 (full 0):
 garbage-first heap   total 307200K, used 51872K [0x0000000707200000, 0x0000000800000000)
  region size 1024K, 10 young (10240K), 10 survivors (10240K)
 Metaspace       used 50895K, capacity 54908K, committed 55168K, reserved 1097728K
  class space    used 6130K, capacity 7545K, committed 7552K, reserved 1048576K
}
Event: 2.896 GC heap before
{Heap before GC invocations=9 (full 0):
 garbage-first heap   total 307200K, used 96928K [0x0000000707200000, 0x0000000800000000)
  region size 1024K, 55 young (56320K), 10 survivors (10240K)
 Metaspace       used 55540K, capacity 59943K, committed 60160K, reserved 1101824K
  class space    used 6825K, capacity 8355K, committed 8448K, reserved 1048576K
}
Event: 2.912 GC heap after
{Heap after GC invocations=10 (full 0):
 garbage-first heap   total 307200K, used 60347K [0x0000000707200000, 0x0000000800000000)
  region size 1024K, 10 young (10240K), 10 survivors (10240K)
 Metaspace       used 55540K, capacity 59943K, committed 60160K, reserved 1101824K
  class space    used 6825K, capacity 8355K, committed 8448K, reserved 1048576K
}

